2022-02-14 10:55:31,772 INFO     carbon_controllers.crawls -- Logging crawl output to /Users/testai/test_ai/apps/a3cdec05-7def-4834-acbf-5a945c488a83/builds/7d741828-6a21-4cd3-b257-ed0561aa6d99/logs/crawl-20220214105531.log
2022-02-14 10:55:31,772 INFO     carbon_tasks.crawl_build_task -- crawling build, app_id: a3cdec05-7def-4834-acbf-5a945c488a83, build_id: 7d741828-6a21-4cd3-b257-ed0561aa6d99
2022-02-14 10:55:31,773 INFO     carbon_tasks.crawl_build_task -- num_steps (when no test): 25
2022-02-14 10:55:31,773 INFO     carbon_tasks.crawl_build_task -- max_steps: 150
2022-02-14 10:55:31,773 INFO     carbon_tasks.crawl_build_task -- max_iterations: 1
2022-02-14 10:55:31,773 INFO     carbon_tasks.crawl_build_task -- rand_seed: 1644861331
2022-02-14 10:55:31,773 INFO     carbon_tasks.crawl_build_task -- test_wildcard: *
2022-02-14 10:55:31,773 INFO     carbon_tasks.crawl_build_task -- package: com.coffye.jrosav
2022-02-14 10:55:31,773 INFO     carbon_tasks.crawl_build_task -- eyes_api_key: None
2022-02-14 10:55:31,773 INFO     carbon_tasks.crawl_build_task -- is_noop: False
2022-02-14 10:55:31,775 INFO     carbon_tasks.crawl_build_task -- created crawl, id: 20220214105531
2022-02-14 10:55:31,942 INFO     carbon_explore.explore -- using default extra walk count: 0
2022-02-14 10:55:31,951 INFO     carbon_tasks.process_crawl_task -- processing master crawl: (app: a3cdec05-7def-4834-acbf-5a945c488a83)
2022-02-14 10:55:31,970 INFO     carbon_tasks.generate_auto_labels_task -- getting data for crawl: master
2022-02-14 10:55:31,972 INFO     carbon_tasks.generate_auto_labels_task -- processing crawl: master
2022-02-14 10:55:31,980 INFO     carbon_tasks.generate_auto_labels_task -- writing merged, suggested labels for crawl: master
2022-02-14 10:55:32,033 INFO     carbon_tasks.generate_auto_labels_task -- writing applied hashes to labels to file: /Users/testai/test_ai/apps/a3cdec05-7def-4834-acbf-5a945c488a83/lkg/hashes_to_labels.json
2022-02-14 10:55:32,038 INFO     carbon_tasks.generate_auto_labels_task -- writing applied human readable to labels to file: /Users/testai/test_ai/apps/a3cdec05-7def-4834-acbf-5a945c488a83/lkg/human_readable_to_labels.json
2022-02-14 10:55:32,038 INFO     carbon_tasks.generate_auto_labels_task -- writing label to hash dicts to file: /Users/testai/test_ai/apps/a3cdec05-7def-4834-acbf-5a945c488a83/lkg/label_to_hash_dicts.json
2022-02-14 10:55:32,041 INFO     carbon_tasks.generate_auto_labels_task -- writing human readable to paths to file: /Users/testai/test_ai/apps/a3cdec05-7def-4834-acbf-5a945c488a83/lkg/human_readable_to_paths.json
2022-02-14 10:55:32,045 INFO     carbon_tasks.crawl_build_task -- initiating walk [1/1]
2022-02-14 10:55:32,045 INFO     carbon_test_case.carbon_tests -- initial number of steps for walk: 25
2022-02-14 10:55:32,046 INFO     carbon_tasks.crawl_build_task -- effective_max_steps this walk: 24
2022-02-14 10:55:32,047 INFO     carbon_explore.explore -- **************************************************
2022-02-14 10:55:32,047 INFO     carbon_explore.explore -- **************************************************
2022-02-14 10:55:32,047 INFO     carbon_explore.explore -- *                                                *
2022-02-14 10:55:32,047 INFO     carbon_explore.explore -- *                   BRAIN                    *
2022-02-14 10:55:32,047 INFO     carbon_explore.explore -- *                                                *
2022-02-14 10:55:32,048 INFO     carbon_explore.explore -- **************************************************
2022-02-14 10:55:32,048 INFO     carbon_explore.explore -- **************************************************
2022-02-14 10:55:32,048 INFO     carbon_initialization.initialization -- Random seed: 1644861331
2022-02-14 10:55:32,051 INFO     carbon_initialization.initialization -- ````````````````````````````````````````````````````````````````````````````````
2022-02-14 10:55:32,051 INFO     carbon_initialization.initialization --                   PACKAGE: com.coffye.jrosav
2022-02-14 10:55:32,052 INFO     carbon_initialization.initialization -- ````````````````````````````````````````````````````````````````````````````````
2022-02-14 10:55:32,052 INFO     carbon_initialization.initialization -- platform: ANDROID
2022-02-14 10:55:32,052 INFO     carbon_initialization.initialization -- using crawl_directory: /Users/testai/test_ai/apps/a3cdec05-7def-4834-acbf-5a945c488a83/builds/7d741828-6a21-4cd3-b257-ed0561aa6d99/crawls/20220214105531
2022-02-14 10:55:32,052 INFO     carbon_botio.bot_io -- retrieving bot IO for app: a3cdec05-7def-4834-acbf-5a945c488a83
2022-02-14 10:55:32,052 INFO     carbon_botio.bot_io -- ^^^^^^^^^^^^^^^^^^^^^^^^^^^^^^^^^^^^^^^^^^^^^^^^^^^^^^^^^^^^^^^^^^^^^^^^^^^^^^^^
2022-02-14 10:55:32,052 INFO     carbon_botio.bot_io -- botio_filepath: /Users/testai/test_ai/apps/a3cdec05-7def-4834-acbf-5a945c488a83/lkg/botio.json
2022-02-14 10:55:32,052 INFO     carbon_botio.bot_io -- use_snapshot: False
2022-02-14 10:55:32,052 INFO     carbon_botio.bot_io -- no botIO found for app: a3cdec05-7def-4834-acbf-5a945c488a83
2022-02-14 10:55:32,054 INFO     carbon_dao.carbon_data -- loading models from LKG dir
2022-02-14 10:55:32,054 INFO     carbon_dao.carbon_data -- loading models from LKG dir
2022-02-14 10:55:32,055 INFO     carbon_explore.test_hooks -- Test case is None, no need for on_setup.
2022-02-14 10:55:32,056 INFO     carbon_utils.simulator_tools -- preparing clean iteration state...
2022-02-14 10:55:37,940 INFO     carbon_automation.driver -- Screen density: 1.0
2022-02-14 10:55:37,940 INFO     carbon_utils.simulator_tools -- Attempting uninstall on app: com.coffye.jrosav
2022-02-14 10:55:38,871 INFO     carbon_utils.simulator_tools -- Installing app: http://localhost:12543/api/v2/apps/a3cdec05-7def-4834-acbf-5a945c488a83/builds/7d741828-6a21-4cd3-b257-ed0561aa6d99/download?ext=.apk
2022-02-14 10:55:42,534 INFO     carbon_utils.simulator_tools -- Launching app: com.coffye.jrosav
2022-02-14 10:55:45,381 INFO     carbon_initialization.initialization -- starting dom stability
2022-02-14 10:55:45,493 INFO     carbon_actions.carbon_actions -- Got new page source
2022-02-14 10:55:45,688 INFO     carbon_actions.carbon_actions -- Got new page source
2022-02-14 10:55:45,906 INFO     carbon_actions.carbon_actions -- Got new page source
2022-02-14 10:55:46,224 INFO     carbon_actions.carbon_actions -- Got new page source
2022-02-14 10:55:46,721 INFO     carbon_actions.carbon_actions -- Got new page source
2022-02-14 10:55:47,008 INFO     carbon_actions.carbon_actions -- Got new page source
2022-02-14 10:55:47,290 INFO     carbon_actions.carbon_actions -- Got new page source
2022-02-14 10:55:47,575 INFO     carbon_actions.carbon_actions -- Got new page source
2022-02-14 10:55:47,997 INFO     carbon_actions.carbon_actions -- Got new page source
2022-02-14 10:55:48,311 INFO     carbon_actions.carbon_actions -- Got new page source
2022-02-14 10:55:48,665 INFO     carbon_actions.carbon_actions -- Got new page source
2022-02-14 10:55:48,957 INFO     carbon_actions.carbon_actions -- Got new page source
2022-02-14 10:55:49,346 INFO     carbon_actions.carbon_actions -- Got new page source
2022-02-14 10:55:49,668 INFO     carbon_actions.carbon_actions -- Got new page source
2022-02-14 10:55:49,668 INFO     carbon_actions.carbon_actions -- Seen the same screen the max amount (5)
2022-02-14 10:55:49,668 INFO     carbon_explore.explore_utils -- Saving screenshot.
2022-02-14 10:55:50,602 INFO     carbon_explore.explore_utils -- Screenshot file path: /var/folders/17/q1j6t1zn26b777q0qcpy69sw0000gn/T/tmp-screenshot-w1lcurcq.png
2022-02-14 10:55:53,103 ERROR    carbon_automation.driver -- Unable to get active app package.
2022-02-14 10:55:53,103 INFO     carbon_initialization.initialization -- current package sent in as: com.coffye.jrosav
2022-02-14 10:55:53,104 INFO     carbon_initialization.initialization -- ended dom stability
2022-02-14 10:55:53,105 INFO     carbon_explore.test_hooks -- Test case is None, no need for on_after_launch.
2022-02-14 10:55:53,105 INFO     carbon_explore.explore -- package is set to: com.coffye.jrosav
2022-02-14 10:55:53,105 INFO     carbon_explore.explore -- 
2022-02-14 10:55:53,105 INFO     carbon_explore.explore -- ********************************************************************************
2022-02-14 10:55:53,105 INFO     carbon_explore.explore -- ********************************************************************************
2022-02-14 10:55:53,105 INFO     carbon_explore.explore -- 
2022-02-14 10:55:53,106 INFO     carbon_explore.explore_utils -- getting xml_src
2022-02-14 10:55:53,537 INFO     carbon_explore.interactive -- Interactive explore -- start_interactive_loop starting.
2022-02-14 10:55:53,537 INFO     carbon_explore.interactive -- Interactive explore -- running initial auto label
2022-02-14 10:55:53,537 INFO     carbon_tasks.process_crawl_task -- processing crawl: 20220214105531 (app: a3cdec05-7def-4834-acbf-5a945c488a83, build: 7d741828-6a21-4cd3-b257-ed0561aa6d99)
2022-02-14 10:55:53,538 INFO     carbon_tasks.process_crawl_task -- processing screens for crawl
2022-02-14 10:55:53,601 INFO     carbon_tasks.process_crawl_task -- writing unique screens file
2022-02-14 10:55:53,602 INFO     carbon_tasks.process_crawl_task -- writing screen hash map
2022-02-14 10:55:53,603 INFO     carbon_tasks.process_crawl_task -- writing screen similarity file
2022-02-14 10:55:53,604 INFO     carbon_tasks.process_crawl_task -- processing elements for crawl
2022-02-14 10:55:53,605 INFO     carbon_tasks.process_crawl_task -- processing: iter_00000_step_00000_info.json
2022-02-14 10:55:55,436 INFO     carbon_tasks.process_crawl_task -- Writing unique tags file.
2022-02-14 10:55:55,437 INFO     carbon_tasks.process_crawl_task -- writing unique elems file
2022-02-14 10:55:55,438 INFO     carbon_tasks.process_crawl_task -- writing elem hash map
2022-02-14 10:55:55,446 INFO     carbon_tasks.process_crawl_task -- writing elem similarity file
2022-02-14 10:55:55,447 INFO     carbon_tasks.process_crawl_task -- generating labeler objects file for crawl (v0)
2022-02-14 10:55:55,456 INFO     carbon_tasks.process_crawl_task -- reconciling screens labeled at runtime
2022-02-14 10:55:55,456 INFO     carbon_tasks.process_crawl_task -- reconciling elements labeled at runtime
2022-02-14 10:55:55,461 INFO     carbon_tasks.generate_auto_labels_task -- generating auto labels for crawl: 20220214105531, app_id: a3cdec05-7def-4834-acbf-5a945c488a83, build_id: 7d741828-6a21-4cd3-b257-ed0561aa6d99
2022-02-14 10:55:55,468 INFO     carbon_tasks.generate_auto_labels_task -- getting data for crawl: 20220214104614
2022-02-14 10:55:55,469 INFO     carbon_tasks.generate_auto_labels_task -- getting data for crawl: 20220214101822
2022-02-14 10:55:55,470 INFO     carbon_tasks.generate_auto_labels_task -- getting data for crawl: 20220214102845
2022-02-14 10:55:55,470 INFO     carbon_tasks.generate_auto_labels_task -- getting data for crawl: 20220214103025
2022-02-14 10:55:55,471 INFO     carbon_tasks.generate_auto_labels_task -- getting data for crawl: 20220214104200
2022-02-14 10:55:55,472 INFO     carbon_tasks.generate_auto_labels_task -- getting data for crawl: 20220214101559
2022-02-14 10:55:55,473 INFO     carbon_tasks.generate_auto_labels_task -- getting data for crawl: 20220214105047
2022-02-14 10:55:55,474 INFO     carbon_tasks.generate_auto_labels_task -- getting data for crawl: 20220214103427
2022-02-14 10:55:55,475 INFO     carbon_tasks.generate_auto_labels_task -- getting data for crawl: 20220214105531
2022-02-14 10:55:55,475 INFO     carbon_tasks.generate_auto_labels_task -- getting data for crawl: master
2022-02-14 10:55:55,476 INFO     carbon_tasks.generate_auto_labels_task -- processing crawl: 20220214104614
2022-02-14 10:55:55,478 INFO     carbon_tasks.generate_auto_labels_task -- processing crawl: 20220214101822
2022-02-14 10:55:55,478 INFO     carbon_tasks.generate_auto_labels_task -- processing crawl: 20220214102845
2022-02-14 10:55:55,479 INFO     carbon_tasks.generate_auto_labels_task -- processing crawl: 20220214103025
2022-02-14 10:55:55,479 INFO     carbon_tasks.generate_auto_labels_task -- processing crawl: 20220214104200
2022-02-14 10:55:55,480 INFO     carbon_tasks.generate_auto_labels_task -- processing crawl: 20220214101559
2022-02-14 10:55:55,481 INFO     carbon_tasks.generate_auto_labels_task -- processing crawl: 20220214105047
2022-02-14 10:55:55,483 INFO     carbon_tasks.generate_auto_labels_task -- processing crawl: 20220214103427
2022-02-14 10:55:55,484 INFO     carbon_tasks.generate_auto_labels_task -- processing crawl: 20220214105531
2022-02-14 10:55:55,484 INFO     carbon_tasks.generate_auto_labels_task -- processing crawl: master
2022-02-14 10:55:55,500 INFO     carbon_tasks.generate_auto_labels_task -- writing merged, suggested labels for crawl: 20220214101822
2022-02-14 10:55:55,502 INFO     carbon_tasks.generate_auto_labels_task -- writing merged, suggested labels for crawl: 20220214104614
2022-02-14 10:55:55,504 INFO     carbon_tasks.generate_auto_labels_task -- writing merged, suggested labels for crawl: 20220214105047
2022-02-14 10:55:55,508 INFO     carbon_tasks.generate_auto_labels_task -- writing merged, suggested labels for crawl: 20220214104200
2022-02-14 10:55:55,509 INFO     carbon_tasks.generate_auto_labels_task -- writing merged, suggested labels for crawl: 20220214102845
2022-02-14 10:55:55,510 INFO     carbon_tasks.generate_auto_labels_task -- writing merged, suggested labels for crawl: 20220214103427
2022-02-14 10:55:55,512 INFO     carbon_tasks.generate_auto_labels_task -- writing merged, suggested labels for crawl: 20220214101559
2022-02-14 10:55:55,513 INFO     carbon_tasks.generate_auto_labels_task -- writing merged, suggested labels for crawl: 20220214103025
2022-02-14 10:55:55,566 INFO     carbon_tasks.generate_auto_labels_task -- writing merged, suggested labels for crawl: master
2022-02-14 10:55:55,569 INFO     carbon_tasks.generate_auto_labels_task -- writing merged, suggested labels for crawl: 20220214105531
2022-02-14 10:55:55,630 INFO     carbon_tasks.generate_auto_labels_task -- writing applied hashes to labels to file: /Users/testai/test_ai/apps/a3cdec05-7def-4834-acbf-5a945c488a83/lkg/hashes_to_labels.json
2022-02-14 10:55:55,631 INFO     carbon_tasks.generate_auto_labels_task -- writing applied human readable to labels to file: /Users/testai/test_ai/apps/a3cdec05-7def-4834-acbf-5a945c488a83/lkg/human_readable_to_labels.json
2022-02-14 10:55:55,632 INFO     carbon_tasks.generate_auto_labels_task -- writing label to hash dicts to file: /Users/testai/test_ai/apps/a3cdec05-7def-4834-acbf-5a945c488a83/lkg/label_to_hash_dicts.json
2022-02-14 10:55:55,633 INFO     carbon_tasks.generate_auto_labels_task -- writing human readable to paths to file: /Users/testai/test_ai/apps/a3cdec05-7def-4834-acbf-5a945c488a83/lkg/human_readable_to_paths.json
2022-02-14 10:55:56,788 INFO     carbon_classifiers.textual.textual_classifier -- Loading TextualClassifier.
2022-02-14 10:55:56,789 INFO     carbon_tasks.generate_auto_labels_task -- classifying 1 unique screens
2022-02-14 10:55:56,789 INFO     carbon_dao.carbon_data -- loading models from LKG dir
2022-02-14 10:55:56,789 INFO     carbon_dao.carbon_data -- loading models from LKG dir
2022-02-14 10:55:56,794 INFO     carbon_classifiers.perceptual.nn_classifier -- Classifying screen with NNClassifier
2022-02-14 10:55:56,797 WARNING  carbon_classifiers.template_matching.template_matching_classifier -- No template directory exists at /Users/testai/test_ai/templates
2022-02-14 10:55:56,825 INFO     carbon_classifiers.remote_general_classifier.remote_general_classifier -- Classifying screen with remote general classifier.
2022-02-14 10:55:56,832 INFO     carbon_classifiers.remote_general_classifier.remote_general_classifier -- Sending general classification request to https://kirfuzz.test.ai:443/get_entities/ with name "/Users/testai/test_ai/apps/a3cdec05-7def-4834-acbf-5a945c488a83/builds/7d741828-6a21-4cd3-b257-ed0561aa6d99/crawls/20220214105531/iter_00000_step_00000_screenshot.png", and general classifier version "v2".
2022-02-14 10:55:59,003 INFO     carbon_classifiers.remote_general_classifier.remote_general_classifier -- General classification request returned in 2.169510841369629 seconds with status code 200.
2022-02-14 10:55:59,007 INFO     carbon_classifiers.textual.textual_classifier -- Classifying screen with TextualClassifier.
2022-02-14 10:55:59,125 INFO     carbon_classifiers.label_classifier_pipe -- End labeling elements: Time taken 2.3339699239999945 seconds
2022-02-14 10:55:59,125 INFO     carbon_tasks.generate_auto_labels_task -- classifying 119 unique elems
2022-02-14 10:55:59,132 INFO     carbon_dao.carbon_data -- loading models from LKG dir
2022-02-14 10:55:59,132 INFO     carbon_dao.carbon_data -- loading models from LKG dir
2022-02-14 10:55:59,137 INFO     carbon_classifiers.perceptual.nn_classifier -- Classifying screen with NNClassifier
2022-02-14 10:55:59,607 INFO     carbon_classifiers.perceptual.nn_classifier -- elem classified: fashion_accessories, score: 1.0
2022-02-14 10:55:59,607 INFO     carbon_classifiers.textual.textual_classifier -- Classifying screen with TextualClassifier.
2022-02-14 10:55:59,610 INFO     carbon_classifiers.label_classifier_pipe -- End labeling elements: Time taken 0.4782709619999963 seconds
2022-02-14 10:55:59,612 INFO     carbon_tasks.generate_auto_labels_task -- writing merged, suggested labels for crawl: 20220214105531
2022-02-14 10:55:59,615 INFO     carbon_explore.interactive -- 


[32;1mCarbon Interactive Crawling Session Starting...
Please make sure you are running the test.ai GUI (./test.ai -d).
Once the GUI is running, please visit [34mhttp://localhost:12543[32;1m.
To access the interactive session, select the correct app, and click on "Interactive Composer".

[0m
2022-02-14 10:56:01,956 WARNING  waitress.queue -- Task queue depth is 1
2022-02-14 10:56:01,957 INFO     carbon_explore.interactive -- Interactive explore -- get_crawls(android, a3cdec05-7def-4834-acbf-5a945c488a83) -- start
2022-02-14 10:56:01,960 INFO     carbon_explore.interactive -- Interactive explore -- get_crawls(android, a3cdec05-7def-4834-acbf-5a945c488a83) -- end
2022-02-14 10:56:02,058 INFO     carbon_explore.interactive -- Interactive explore -- get_labeler_objects -- start
2022-02-14 10:56:02,059 INFO     carbon_explore.interactive -- Interactive explore -- Processing crawl interactively 20220214105531
2022-02-14 10:56:02,059 INFO     carbon_tasks.process_crawl_task -- processing crawl: 20220214105531 (app: a3cdec05-7def-4834-acbf-5a945c488a83, build: 7d741828-6a21-4cd3-b257-ed0561aa6d99)
2022-02-14 10:56:02,059 INFO     carbon_tasks.process_crawl_task -- processing screens for crawl
2022-02-14 10:56:02,120 INFO     carbon_tasks.process_crawl_task -- writing unique screens file
2022-02-14 10:56:02,121 INFO     carbon_tasks.process_crawl_task -- writing screen hash map
2022-02-14 10:56:02,122 INFO     carbon_tasks.process_crawl_task -- writing screen similarity file
2022-02-14 10:56:02,123 INFO     carbon_tasks.process_crawl_task -- processing elements for crawl
2022-02-14 10:56:02,124 INFO     carbon_tasks.process_crawl_task -- skipping already processed: iter_00000_step_00000_info.json
2022-02-14 10:56:02,636 INFO     carbon_tasks.process_crawl_task -- Writing unique tags file.
2022-02-14 10:56:02,637 INFO     carbon_tasks.process_crawl_task -- writing unique elems file
2022-02-14 10:56:02,638 INFO     carbon_tasks.process_crawl_task -- writing elem hash map
2022-02-14 10:56:02,646 INFO     carbon_tasks.process_crawl_task -- writing elem similarity file
2022-02-14 10:56:02,647 INFO     carbon_tasks.process_crawl_task -- generating labeler objects file for crawl (v0)
2022-02-14 10:56:02,656 INFO     carbon_tasks.process_crawl_task -- reconciling screens labeled at runtime
2022-02-14 10:56:02,656 INFO     carbon_tasks.process_crawl_task -- reconciling elements labeled at runtime
2022-02-14 10:56:02,661 INFO     carbon_explore.interactive -- Interactive explore -- Generating labels using hash information 20220214105531
2022-02-14 10:56:02,664 INFO     carbon_explore.interactive -- Interactive explore -- get_labeler_objects -- end
2022-02-14 10:56:02,817 INFO     labeler.v1.crawls -- elem image requested, crawl: 20220214105531, filename: iter_00000_step_00000_97_android.view.ViewGroup.png
2022-02-14 10:56:02,818 INFO     labeler.v1.crawls -- elem image requested, crawl: 20220214105531, filename: iter_00000_step_00000_113_android.widget.TextView.png
2022-02-14 10:56:02,819 INFO     labeler.v1.crawls -- elem image requested, crawl: 20220214105531, filename: iter_00000_step_00000_104_android.view.ViewGroup.png
2022-02-14 10:56:02,821 INFO     labeler.v1.crawls -- resolved to: /Users/testai/test_ai/apps/a3cdec05-7def-4834-acbf-5a945c488a83/builds/7d741828-6a21-4cd3-b257-ed0561aa6d99/crawls/20220214105531/elems/iter_00000_step_00000_97_android.view.ViewGroup.png
2022-02-14 10:56:02,821 INFO     labeler.v1.crawls -- resolved to: /Users/testai/test_ai/apps/a3cdec05-7def-4834-acbf-5a945c488a83/builds/7d741828-6a21-4cd3-b257-ed0561aa6d99/crawls/20220214105531/elems/iter_00000_step_00000_113_android.widget.TextView.png
2022-02-14 10:56:02,824 INFO     labeler.v1.crawls -- resolved to: /Users/testai/test_ai/apps/a3cdec05-7def-4834-acbf-5a945c488a83/builds/7d741828-6a21-4cd3-b257-ed0561aa6d99/crawls/20220214105531/elems/iter_00000_step_00000_104_android.view.ViewGroup.png
2022-02-14 10:58:57,817 INFO     root -- Stopping interactive crawl.
2022-02-14 10:58:57,820 INFO     carbon_explore.interactive -- Interactive explore -- stop -- start
2022-02-14 10:58:57,822 INFO     carbon_explore.explore_hook -- Explore hook -- apply_deferred_runtime_labels starting.
2022-02-14 10:58:57,822 INFO     carbon_explore.explore_hook -- Explore hook -- apply_deferred_runtime_labels completed.
2022-02-14 10:58:57,822 INFO     carbon_explore.interactive -- Interactive explore -- start_interactive_loop completed.
2022-02-14 10:58:57,822 INFO     carbon_explore.interactive -- Interactive explore -- stop -- stop
2022-02-14 10:58:57,933 INFO     carbon_explore.explore -- Performing post-walk cleanup.
2022-02-14 10:58:57,934 INFO     carbon_explore.test_hooks -- Running on failure hooks.
2022-02-14 10:58:58,054 INFO     carbon_explore.explore -- Iteration completed: 0
2022-02-14 10:58:58,054 INFO     carbon_tasks.crawl_build_task -- walk: 1 - succeeded
2022-02-14 10:58:58,054 INFO     carbon_tasks.crawl_build_task -- Handling crawl stop request.
2022-02-14 10:58:58,060 INFO     carbon_tasks.process_crawl_task -- processing crawl: 20220214105531 (app: a3cdec05-7def-4834-acbf-5a945c488a83, build: 7d741828-6a21-4cd3-b257-ed0561aa6d99)
2022-02-14 10:58:58,060 INFO     carbon_tasks.process_crawl_task -- processing screens for crawl
2022-02-14 10:58:58,123 INFO     carbon_tasks.process_crawl_task -- writing unique screens file
2022-02-14 10:58:58,124 INFO     carbon_tasks.process_crawl_task -- writing screen hash map
2022-02-14 10:58:58,127 INFO     carbon_tasks.process_crawl_task -- writing screen similarity file
2022-02-14 10:58:58,128 INFO     carbon_tasks.process_crawl_task -- processing elements for crawl
2022-02-14 10:58:58,129 INFO     carbon_tasks.process_crawl_task -- skipping already processed: iter_00000_step_00000_info.json
2022-02-14 10:58:58,727 INFO     carbon_tasks.process_crawl_task -- Writing unique tags file.
2022-02-14 10:58:58,728 INFO     carbon_tasks.process_crawl_task -- writing unique elems file
2022-02-14 10:58:58,729 INFO     carbon_tasks.process_crawl_task -- writing elem hash map
2022-02-14 10:58:58,740 INFO     carbon_tasks.process_crawl_task -- writing elem similarity file
2022-02-14 10:58:58,741 INFO     carbon_tasks.process_crawl_task -- generating and saving feature data for crawl
2022-02-14 10:58:58,741 INFO     carbon_tasks.generate_feature_data_task -- generating feature data for crawl: 20220214105531, app_id: a3cdec05-7def-4834-acbf-5a945c488a83, build_id: 7d741828-6a21-4cd3-b257-ed0561aa6d99
2022-02-14 10:58:58,742 INFO     carbon_tasks.generate_feature_data_task -- generating screen feature data
2022-02-14 10:58:59,367 INFO     carbon_tasks.generate_feature_data_task -- saving screen feature data
2022-02-14 10:58:59,369 INFO     carbon_tasks.process_crawl_task -- generating labeler objects file for crawl (v0)
2022-02-14 10:58:59,381 INFO     carbon_tasks.process_crawl_task -- reconciling screens labeled at runtime
2022-02-14 10:58:59,381 INFO     carbon_tasks.process_crawl_task -- reconciling elements labeled at runtime
2022-02-14 10:58:59,389 INFO     carbon_tasks.generate_auto_labels_task -- generating auto labels for crawl: 20220214105531, app_id: a3cdec05-7def-4834-acbf-5a945c488a83, build_id: 7d741828-6a21-4cd3-b257-ed0561aa6d99
2022-02-14 10:58:59,397 INFO     carbon_tasks.generate_auto_labels_task -- getting data for crawl: 20220214104614
2022-02-14 10:58:59,399 INFO     carbon_tasks.generate_auto_labels_task -- getting data for crawl: 20220214101822
2022-02-14 10:58:59,401 INFO     carbon_tasks.generate_auto_labels_task -- getting data for crawl: 20220214102845
2022-02-14 10:58:59,403 INFO     carbon_tasks.generate_auto_labels_task -- getting data for crawl: 20220214103025
2022-02-14 10:58:59,404 INFO     carbon_tasks.generate_auto_labels_task -- getting data for crawl: 20220214104200
2022-02-14 10:58:59,405 INFO     carbon_tasks.generate_auto_labels_task -- getting data for crawl: 20220214101559
2022-02-14 10:58:59,407 INFO     carbon_tasks.generate_auto_labels_task -- getting data for crawl: 20220214105047
2022-02-14 10:58:59,410 INFO     carbon_tasks.generate_auto_labels_task -- getting data for crawl: 20220214103427
2022-02-14 10:58:59,411 INFO     carbon_tasks.generate_auto_labels_task -- getting data for crawl: 20220214105531
2022-02-14 10:58:59,413 INFO     carbon_tasks.generate_auto_labels_task -- getting data for crawl: master
2022-02-14 10:58:59,414 INFO     carbon_tasks.generate_auto_labels_task -- processing crawl: 20220214104614
2022-02-14 10:58:59,415 INFO     carbon_tasks.generate_auto_labels_task -- processing crawl: 20220214101822
2022-02-14 10:58:59,416 INFO     carbon_tasks.generate_auto_labels_task -- processing crawl: 20220214102845
2022-02-14 10:58:59,417 INFO     carbon_tasks.generate_auto_labels_task -- processing crawl: 20220214103025
2022-02-14 10:58:59,418 INFO     carbon_tasks.generate_auto_labels_task -- processing crawl: 20220214104200
2022-02-14 10:58:59,419 INFO     carbon_tasks.generate_auto_labels_task -- processing crawl: 20220214101559
2022-02-14 10:58:59,420 INFO     carbon_tasks.generate_auto_labels_task -- processing crawl: 20220214105047
2022-02-14 10:58:59,423 INFO     carbon_tasks.generate_auto_labels_task -- processing crawl: 20220214103427
2022-02-14 10:58:59,424 INFO     carbon_tasks.generate_auto_labels_task -- processing crawl: 20220214105531
2022-02-14 10:58:59,426 INFO     carbon_tasks.generate_auto_labels_task -- processing crawl: master
2022-02-14 10:58:59,435 INFO     carbon_tasks.generate_auto_labels_task -- writing merged, suggested labels for crawl: 20220214102845
2022-02-14 10:58:59,440 INFO     carbon_tasks.generate_auto_labels_task -- writing merged, suggested labels for crawl: 20220214104200
2022-02-14 10:58:59,447 INFO     carbon_tasks.generate_auto_labels_task -- writing merged, suggested labels for crawl: 20220214101822
2022-02-14 10:58:59,454 INFO     carbon_tasks.generate_auto_labels_task -- writing merged, suggested labels for crawl: 20220214104614
2022-02-14 10:58:59,458 INFO     carbon_tasks.generate_auto_labels_task -- writing merged, suggested labels for crawl: 20220214103025
2022-02-14 10:58:59,460 INFO     carbon_tasks.generate_auto_labels_task -- writing merged, suggested labels for crawl: 20220214101559
2022-02-14 10:58:59,461 INFO     carbon_tasks.generate_auto_labels_task -- writing merged, suggested labels for crawl: 20220214103427
2022-02-14 10:58:59,465 INFO     carbon_tasks.generate_auto_labels_task -- writing merged, suggested labels for crawl: 20220214105047
2022-02-14 10:58:59,470 INFO     carbon_tasks.generate_auto_labels_task -- writing merged, suggested labels for crawl: 20220214105531
2022-02-14 10:58:59,474 INFO     carbon_tasks.generate_auto_labels_task -- writing merged, suggested labels for crawl: master
2022-02-14 10:58:59,555 INFO     carbon_tasks.generate_auto_labels_task -- writing applied hashes to labels to file: /Users/testai/test_ai/apps/a3cdec05-7def-4834-acbf-5a945c488a83/lkg/hashes_to_labels.json
2022-02-14 10:58:59,557 INFO     carbon_tasks.generate_auto_labels_task -- writing applied human readable to labels to file: /Users/testai/test_ai/apps/a3cdec05-7def-4834-acbf-5a945c488a83/lkg/human_readable_to_labels.json
2022-02-14 10:58:59,558 INFO     carbon_tasks.generate_auto_labels_task -- writing label to hash dicts to file: /Users/testai/test_ai/apps/a3cdec05-7def-4834-acbf-5a945c488a83/lkg/label_to_hash_dicts.json
2022-02-14 10:58:59,559 INFO     carbon_tasks.generate_auto_labels_task -- writing human readable to paths to file: /Users/testai/test_ai/apps/a3cdec05-7def-4834-acbf-5a945c488a83/lkg/human_readable_to_paths.json
2022-02-14 10:58:59,560 INFO     carbon_classifiers.textual.textual_classifier -- Loading TextualClassifier.
2022-02-14 10:58:59,561 INFO     carbon_tasks.generate_auto_labels_task -- classifying 1 unique screens
2022-02-14 10:58:59,561 INFO     carbon_dao.carbon_data -- loading models from LKG dir
2022-02-14 10:58:59,562 INFO     carbon_dao.carbon_data -- loading models from LKG dir
2022-02-14 10:58:59,567 INFO     carbon_classifiers.perceptual.nn_classifier -- Classifying screen with NNClassifier
2022-02-14 10:58:59,570 INFO     carbon_classifiers.remote_general_classifier.remote_general_classifier -- Classifying screen with remote general classifier.
2022-02-14 10:58:59,579 INFO     carbon_classifiers.remote_general_classifier.remote_general_classifier -- Sending general classification request to https://kirfuzz.test.ai:443/get_entities/ with name "/Users/testai/test_ai/apps/a3cdec05-7def-4834-acbf-5a945c488a83/builds/7d741828-6a21-4cd3-b257-ed0561aa6d99/crawls/20220214105531/iter_00000_step_00000_screenshot.png", and general classifier version "v2".
2022-02-14 10:59:01,802 INFO     carbon_classifiers.remote_general_classifier.remote_general_classifier -- General classification request returned in 2.222076892852783 seconds with status code 200.
2022-02-14 10:59:01,805 INFO     carbon_classifiers.textual.textual_classifier -- Classifying screen with TextualClassifier.
2022-02-14 10:59:01,874 INFO     carbon_classifiers.label_classifier_pipe -- End labeling elements: Time taken 2.310669617000002 seconds
2022-02-14 10:59:01,874 INFO     carbon_tasks.generate_auto_labels_task -- classifying 86 unique elems
2022-02-14 10:59:01,879 INFO     carbon_dao.carbon_data -- loading models from LKG dir
2022-02-14 10:59:01,879 INFO     carbon_dao.carbon_data -- loading models from LKG dir
2022-02-14 10:59:01,884 INFO     carbon_classifiers.perceptual.nn_classifier -- Classifying screen with NNClassifier
2022-02-14 10:59:02,176 INFO     carbon_classifiers.perceptual.nn_classifier -- elem classified: fashion_accessories, score: 1.0
2022-02-14 10:59:02,176 INFO     carbon_classifiers.textual.textual_classifier -- Classifying screen with TextualClassifier.
2022-02-14 10:59:02,178 INFO     carbon_classifiers.label_classifier_pipe -- End labeling elements: Time taken 0.2989562449999994 seconds
2022-02-14 10:59:02,181 INFO     carbon_tasks.generate_auto_labels_task -- writing merged, suggested labels for crawl: 20220214105531
2022-02-14 10:59:02,186 INFO     carbon_dao.master_crawl_squash -- Squashing crawl 20220214105531
2022-02-14 10:59:02,187 INFO     carbon_dao.master_crawl_squash -- Squashing 1 screens.
2022-02-14 10:59:02,257 INFO     carbon_dao.master_crawl_squash -- Squashed screen b1248ab530180a87ee5e39c35a9e0718.
2022-02-14 10:59:02,294 INFO     carbon_dao.master_crawl_squash -- Squashing unlabeled elements for crawl 20220214105531
2022-02-14 10:59:02,296 INFO     carbon_dao.master_crawl -- Removed 0 unlabeled elements for app a3cdec05-7def-4834-acbf-5a945c488a83.
2022-02-14 10:59:02,375 INFO     carbon_dao.master_crawl_graph -- Extracting sequence data from crawl 20220214105531
2022-02-14 10:59:02,444 INFO     carbon_graph.q_learning -- Deleted existing Q-matrices.
2022-02-14 10:59:02,445 INFO     carbon_controllers.crawls -- Removing threaded log file handler for crawl.
